[2025-08-27 13:44:49] IP: ::1 | HTTP: 200 | URL: https://www.tokkobroker.com/api/v1/property/search/?lang=es_ar&format=json&limit=12&offset=0&order_by=created_at&order=desc&data=%7B%22current_localization_id%22%3A%5B24697%5D%2C%22current_localization_type%22%3A%22division%22%2C%22price_from%22%3A1%2C%22price_to%22%3A999999999%2C%22operation_types%22%3A%5B1%5D%2C%22property_types%22%3A%5B7%5D%2C%22currency%22%3A%22ANY%22%2C%22filters%22%3A%5B%5D%2C%22with_tags%22%3A%5B%5D%2C%22without_tags%22%3A%5B%5D%7D&key=fad0d191d200804e836be0b26626ac919fa37e8a | Error: 
[2025-08-27 13:44:49] Transient NEW creado para usuario y OLD actualizado para bots (IP: ::1)
[2025-08-27 13:45:03] Transient NEW entregado a usuario (IP: ::1)
[2025-08-27 13:45:41] Transient NEW entregado a usuario (IP: ::1)
[2025-08-27 13:45:55] Transient NEW entregado a usuario (IP: ::1)
[2025-08-27 13:46:27] IP: ::1 | ALL DEVELOPMENT | HTTP: 200 | URL: https://www.tokkobroker.com/api/v1/development/?format=json&lang=es_ar&key=fad0d191d200804e836be0b26626ac919fa37e8a | Error: 
[2025-08-27 13:46:27] ALL DEVELOPMENT Transient NEW creado para usuario y OLD actualizado para bots (IP: ::1)
[2025-08-27 13:46:28] IP: ::1 | HTTP: 200 | URL: https://www.tokkobroker.com/api/v1/property/search/?lang=es_ar&format=json&limit=4&offset=0&order_by=created_at&order=DESC&data=%7B%22current_localization_id%22%3A1%2C%22current_localization_type%22%3A%22country%22%2C%22price_from%22%3A0%2C%22price_to%22%3A99999999999999%2C%22operation_types%22%3A%5B1%2C2%5D%2C%22property_types%22%3A%5B1%2C2%2C3%2C4%2C5%2C6%2C7%2C8%2C9%2C10%2C11%2C12%2C13%2C14%2C15%2C16%2C17%2C18%2C19%2C20%2C21%2C22%2C23%2C24%2C25%2C26%2C27%2C28%5D%2C%22currency%22%3A%22USD%22%2C%22filters%22%3A%5B%5B%22is_starred_on_web%22%2C%22%3D%22%2C%22true%22%5D%5D%2C%22with_tags%22%3A%5B%5D%7D&key=fad0d191d200804e836be0b26626ac919fa37e8a | Error: 
[2025-08-27 13:46:28] Transient NEW creado para usuario y OLD actualizado para bots (IP: ::1)
[2025-08-27 13:46:58] IP: ::1 | HTTP: 200 | URL: https://www.tokkobroker.com/api/v1/property/search/?lang=es_ar&format=json&limit=12&offset=0&order_by=created_at&order=desc&data=%7B%22current_localization_id%22%3A0%2C%22current_localization_type%22%3A%22country%22%2C%22price_from%22%3A1%2C%22price_to%22%3A999999999%2C%22operation_types%22%3A%5B1%5D%2C%22property_types%22%3A%5B7%5D%2C%22currency%22%3A%22ANY%22%2C%22filters%22%3A%5B%5D%2C%22with_tags%22%3A%5B%5D%2C%22without_tags%22%3A%5B%5D%7D&key=fad0d191d200804e836be0b26626ac919fa37e8a | Error: 
[2025-08-27 13:46:58] Transient NEW creado para usuario y OLD actualizado para bots (IP: ::1)
[2025-08-27 13:47:50] Transient NEW entregado a usuario (IP: ::1)
[2025-08-27 13:50:38] IP: ::1 | ALL DEVELOPMENT | HTTP: 200 | URL: https://www.tokkobroker.com/api/v1/development/?format=json&lang=es_ar&key=fad0d191d200804e836be0b26626ac919fa37e8a | Error: 
[2025-08-27 13:50:38] ALL DEVELOPMENT Transient NEW creado para usuario y OLD actualizado para bots (IP: ::1)
[2025-08-27 13:50:40] IP: ::1 | HTTP: 200 | URL: https://www.tokkobroker.com/api/v1/property/search/?lang=es_ar&format=json&limit=12&offset=0&order_by=created_at&order=desc&data=%7B%22current_localization_id%22%3A0%2C%22current_localization_type%22%3A%22country%22%2C%22price_from%22%3A1%2C%22price_to%22%3A999999999%2C%22operation_types%22%3A%5B1%5D%2C%22property_types%22%3A%5B7%5D%2C%22currency%22%3A%22ANY%22%2C%22filters%22%3A%5B%5D%2C%22with_tags%22%3A%5B%5D%2C%22without_tags%22%3A%5B%5D%7D&key=fad0d191d200804e836be0b26626ac919fa37e8a | Error: 
[2025-08-27 13:50:40] Transient NEW creado para usuario y OLD actualizado para bots (IP: ::1)
[2025-08-27 13:51:36] Transient NEW entregado a usuario (IP: ::1)
[2025-08-27 13:52:08] Transient NEW entregado a usuario (IP: ::1)
[2025-08-27 13:57:01] IP: ::1 | HTTP: 200 | URL: https://www.tokkobroker.com/api/v1/property/search/?lang=es_ar&format=json&limit=12&offset=0&order_by=created_at&order=desc&data=%7B%22current_localization_id%22%3A0%2C%22current_localization_type%22%3A%22country%22%2C%22price_from%22%3A1%2C%22price_to%22%3A999999999%2C%22operation_types%22%3A%5B1%5D%2C%22property_types%22%3A%5B7%5D%2C%22currency%22%3A%22ANY%22%2C%22filters%22%3A%5B%5D%2C%22with_tags%22%3A%5B%5D%2C%22without_tags%22%3A%5B%5D%7D&key=fad0d191d200804e836be0b26626ac919fa37e8a | Error: 
[2025-08-27 13:57:01] Transient NEW creado para usuario y OLD actualizado para bots (IP: ::1)
[2025-08-27 13:58:05] Transient NEW entregado a usuario (IP: ::1)
[2025-08-27 13:58:07] Transient NEW entregado a usuario (IP: ::1)
[2025-08-27 13:58:41] Transient NEW entregado a usuario (IP: ::1)
[2025-08-27 13:59:21] IP: ::1 | HTTP: 200 | URL: https://www.tokkobroker.com/api/v1/property/search/?lang=es_ar&format=json&limit=12&offset=0&order_by=created_at&order=desc&data=%7B%22current_localization_id%22%3A%5B0%5D%2C%22current_localization_type%22%3A%22division%22%2C%22price_from%22%3A1%2C%22price_to%22%3A999999999%2C%22operation_types%22%3A%5B1%5D%2C%22property_types%22%3A%5B7%5D%2C%22currency%22%3A%22ANY%22%2C%22filters%22%3A%5B%5D%2C%22with_tags%22%3A%5B%5D%2C%22without_tags%22%3A%5B%5D%7D&key=fad0d191d200804e836be0b26626ac919fa37e8a | Error: 
[2025-08-27 13:59:21] Transient NEW creado para usuario y OLD actualizado para bots (IP: ::1)
[2025-08-27 13:59:30] Transient NEW entregado a usuario (IP: ::1)
[2025-08-27 13:59:36] IP: ::1 | HTTP: 200 | URL: https://www.tokkobroker.com/api/v1/property/search/?lang=es_ar&format=json&limit=12&offset=0&order_by=created_at&order=desc&data=%7B%22current_localization_id%22%3A%5B25982%5D%2C%22current_localization_type%22%3A%22division%22%2C%22price_from%22%3A1%2C%22price_to%22%3A999999999%2C%22operation_types%22%3A%5B1%5D%2C%22property_types%22%3A%5B7%5D%2C%22currency%22%3A%22ANY%22%2C%22filters%22%3A%5B%5D%2C%22with_tags%22%3A%5B%5D%2C%22without_tags%22%3A%5B%5D%7D&key=fad0d191d200804e836be0b26626ac919fa37e8a | Error: 
[2025-08-27 13:59:36] Transient NEW creado para usuario y OLD actualizado para bots (IP: ::1)
[2025-08-27 13:59:41] IP: ::1 | HTTP: 200 | URL: https://www.tokkobroker.com/api/v1/property/search/?lang=es_ar&format=json&limit=12&offset=0&order_by=created_at&order=desc&data=%7B%22current_localization_id%22%3A0%2C%22current_localization_type%22%3A%22country%22%2C%22price_from%22%3A1%2C%22price_to%22%3A999999999%2C%22operation_types%22%3A%5B1%5D%2C%22property_types%22%3A%5B7%5D%2C%22currency%22%3A%22ANY%22%2C%22filters%22%3A%5B%5D%2C%22with_tags%22%3A%5B%5D%2C%22without_tags%22%3A%5B%5D%7D&key=fad0d191d200804e836be0b26626ac919fa37e8a | Error: 
[2025-08-27 13:59:41] Transient NEW creado para usuario y OLD actualizado para bots (IP: ::1)
[2025-08-27 13:59:44] IP: ::1 | HTTP: 200 | URL: https://www.tokkobroker.com/api/v1/property/search/?lang=es_ar&format=json&limit=12&offset=0&order_by=created_at&order=desc&data=%7B%22current_localization_id%22%3A0%2C%22current_localization_type%22%3A%22country%22%2C%22price_from%22%3A1%2C%22price_to%22%3A999999999%2C%22operation_types%22%3A%5B1%2C2%5D%2C%22property_types%22%3A%5B1%2C2%2C3%2C4%2C5%2C6%2C7%2C8%2C9%2C10%2C11%2C12%2C13%2C14%2C15%2C16%2C17%2C18%2C19%2C20%2C21%2C22%2C23%2C24%2C25%2C26%2C27%2C28%5D%2C%22currency%22%3A%22ANY%22%2C%22filters%22%3A%5B%5D%2C%22with_tags%22%3A%5B%5D%2C%22without_tags%22%3A%5B%5D%7D&key=fad0d191d200804e836be0b26626ac919fa37e8a | Error: 
[2025-08-27 13:59:44] Transient NEW creado para usuario y OLD actualizado para bots (IP: ::1)
[2025-08-27 14:00:15] IP: ::1 | Single Property | HTTP: 200 | URL: https://www.tokkobroker.com/api/v1/property/?key=fad0d191d200804e836be0b26626ac919fa37e8a&format=json&lang=es_ar&id=7246802 | Error: 
[2025-08-27 14:00:16] Single Property Transient NEW creado para usuario y OLD actualizado para bots (ID: 7246802 | IP: ::1)
[2025-08-27 14:00:16] IP: ::1 | HTTP: 200 | URL: https://www.tokkobroker.com/api/v1/property/search/?lang=es_ar&format=json&limit=4&offset=0&order_by=created_date&order=ASC&data=%7B%22current_localization_id%22%3A1%2C%22current_localization_type%22%3A%22country%22%2C%22price_from%22%3A0%2C%22price_to%22%3A222%2C%22operation_types%22%3A%5B2%5D%2C%22property_types%22%3A%5B1%2C2%2C3%2C4%2C5%2C6%2C7%2C8%2C9%2C10%2C11%2C12%2C13%2C14%2C15%2C16%2C17%2C18%2C19%2C20%2C21%2C22%2C23%2C24%2C25%2C26%2C27%2C28%5D%2C%22currency%22%3A%22ARS%22%2C%22filters%22%3A%5B%5D%2C%22with_tags%22%3A%5B%5D%7D&key=fad0d191d200804e836be0b26626ac919fa37e8a | Error: 
[2025-08-27 14:00:16] Transient NEW creado para usuario y OLD actualizado para bots (IP: ::1)
[2025-08-27 14:01:29] IP: ::1 | HTTP: 200 | URL: https://www.tokkobroker.com/api/v1/property/search/?lang=es_ar&format=json&limit=12&offset=0&order_by=created_at&order=desc&data=%7B%22current_localization_id%22%3A%5B0%5D%2C%22current_localization_type%22%3A%22division%22%2C%22price_from%22%3A1%2C%22price_to%22%3A999999999%2C%22operation_types%22%3A%5B1%2C2%5D%2C%22property_types%22%3A%5B1%2C2%2C3%2C4%2C5%2C6%2C7%2C8%2C9%2C10%2C11%2C12%2C13%2C14%2C15%2C16%2C17%2C18%2C19%2C20%2C21%2C22%2C23%2C24%2C25%2C26%2C27%2C28%5D%2C%22currency%22%3A%22ANY%22%2C%22filters%22%3A%5B%5D%2C%22with_tags%22%3A%5B%5D%2C%22without_tags%22%3A%5B%5D%7D&key=fad0d191d200804e836be0b26626ac919fa37e8a | Error: 
[2025-08-27 14:01:29] Transient NEW creado para usuario y OLD actualizado para bots (IP: ::1)
[2025-08-27 14:01:36] Transient NEW entregado a usuario (IP: ::1)
[2025-08-27 14:01:43] IP: ::1 | HTTP: 200 | URL: https://www.tokkobroker.com/api/v1/property/search/?lang=es_ar&format=json&limit=12&offset=0&order_by=created_at&order=desc&data=%7B%22current_localization_id%22%3A%5B25982%5D%2C%22current_localization_type%22%3A%22division%22%2C%22price_from%22%3A1%2C%22price_to%22%3A999999999%2C%22operation_types%22%3A%5B1%2C2%5D%2C%22property_types%22%3A%5B1%2C2%2C3%2C4%2C5%2C6%2C7%2C8%2C9%2C10%2C11%2C12%2C13%2C14%2C15%2C16%2C17%2C18%2C19%2C20%2C21%2C22%2C23%2C24%2C25%2C26%2C27%2C28%5D%2C%22currency%22%3A%22ANY%22%2C%22filters%22%3A%5B%5D%2C%22with_tags%22%3A%5B%5D%2C%22without_tags%22%3A%5B%5D%7D&key=fad0d191d200804e836be0b26626ac919fa37e8a | Error: 
[2025-08-27 14:01:43] Transient NEW creado para usuario y OLD actualizado para bots (IP: ::1)
[2025-08-27 14:01:47] IP: ::1 | HTTP: 200 | URL: https://www.tokkobroker.com/api/v1/property/search/?lang=es_ar&format=json&limit=12&offset=0&order_by=created_at&order=desc&data=%7B%22current_localization_id%22%3A0%2C%22current_localization_type%22%3A%22country%22%2C%22price_from%22%3A1%2C%22price_to%22%3A999999999%2C%22operation_types%22%3A%5B1%2C2%5D%2C%22property_types%22%3A%5B1%2C2%2C3%2C4%2C5%2C6%2C7%2C8%2C9%2C10%2C11%2C12%2C13%2C14%2C15%2C16%2C17%2C18%2C19%2C20%2C21%2C22%2C23%2C24%2C25%2C26%2C27%2C28%5D%2C%22currency%22%3A%22ANY%22%2C%22filters%22%3A%5B%5D%2C%22with_tags%22%3A%5B%5D%2C%22without_tags%22%3A%5B%5D%7D&key=fad0d191d200804e836be0b26626ac919fa37e8a | Error: 
[2025-08-27 14:01:47] Transient NEW creado para usuario y OLD actualizado para bots (IP: ::1)
[2025-08-27 14:03:49] IP: ::1 | HTTP: 200 | URL: https://www.tokkobroker.com/api/v1/property/search/?lang=es_ar&format=json&limit=12&offset=0&order_by=created_at&order=desc&data=%7B%22current_localization_id%22%3A0%2C%22current_localization_type%22%3A%22country%22%2C%22price_from%22%3A1%2C%22price_to%22%3A999999999%2C%22operation_types%22%3A%5B1%2C2%5D%2C%22property_types%22%3A%5B1%2C2%2C3%2C4%2C5%2C6%2C7%2C8%2C9%2C10%2C11%2C12%2C13%2C14%2C15%2C16%2C17%2C18%2C19%2C20%2C21%2C22%2C23%2C24%2C25%2C26%2C27%2C28%5D%2C%22currency%22%3A%22ANY%22%2C%22filters%22%3A%5B%5D%2C%22with_tags%22%3A%5B%5D%2C%22without_tags%22%3A%5B%5D%7D&key=fad0d191d200804e836be0b26626ac919fa37e8a | Error: 
[2025-08-27 14:03:49] Transient NEW creado para usuario y OLD actualizado para bots (IP: ::1)
[2025-08-27 14:03:52] Transient NEW entregado a usuario (IP: ::1)
[2025-08-27 14:03:56] Transient NEW entregado a usuario (IP: ::1)
[2025-08-27 14:06:32] IP: ::1 | HTTP: 200 | URL: https://www.tokkobroker.com/api/v1/property/search/?lang=es_ar&format=json&limit=12&offset=0&order_by=created_at&order=desc&data=%7B%22current_localization_id%22%3A0%2C%22current_localization_type%22%3A%22country%22%2C%22price_from%22%3A1%2C%22price_to%22%3A999999999%2C%22operation_types%22%3A%5B1%2C2%5D%2C%22property_types%22%3A%5B1%2C2%2C3%2C4%2C5%2C6%2C7%2C8%2C9%2C10%2C11%2C12%2C13%2C14%2C15%2C16%2C17%2C18%2C19%2C20%2C21%2C22%2C23%2C24%2C25%2C26%2C27%2C28%5D%2C%22currency%22%3A%22ANY%22%2C%22filters%22%3A%5B%5D%2C%22with_tags%22%3A%5B%5D%2C%22without_tags%22%3A%5B%5D%7D&key=fad0d191d200804e836be0b26626ac919fa37e8a | Error: 
[2025-08-27 14:06:32] Transient NEW creado para usuario y OLD actualizado para bots (IP: ::1)
[2025-08-27 14:06:34] Transient NEW entregado a usuario (IP: ::1)
[2025-08-27 14:06:38] Transient NEW entregado a usuario (IP: ::1)
[2025-08-27 14:07:03] Transient NEW entregado a usuario (IP: ::1)
[2025-08-27 14:07:48] Transient NEW entregado a usuario (IP: ::1)
[2025-08-27 14:08:12] Transient NEW entregado a usuario (IP: ::1)
[2025-08-27 14:08:15] Transient NEW entregado a usuario (IP: ::1)
[2025-08-27 14:08:20] Transient NEW entregado a usuario (IP: ::1)
[2025-08-27 14:08:33] IP: ::1 | HTTP: 200 | URL: https://www.tokkobroker.com/api/v1/property/search/?lang=es_ar&format=json&limit=12&offset=0&order_by=created_at&order=desc&data=%7B%22current_localization_id%22%3A0%2C%22current_localization_type%22%3A%22country%22%2C%22price_from%22%3A1%2C%22price_to%22%3A999999999%2C%22operation_types%22%3A%5B1%2C2%5D%2C%22property_types%22%3A%5B1%2C2%2C3%2C4%2C5%2C6%2C7%2C8%2C9%2C10%2C11%2C12%2C13%2C14%2C15%2C16%2C17%2C18%2C19%2C20%2C21%2C22%2C23%2C24%2C25%2C26%2C27%2C28%5D%2C%22currency%22%3A%22ANY%22%2C%22filters%22%3A%5B%5D%2C%22with_tags%22%3A%5B%5D%2C%22without_tags%22%3A%5B%5D%7D&key=fad0d191d200804e836be0b26626ac919fa37e8a | Error: 
[2025-08-27 14:08:33] Transient NEW creado para usuario y OLD actualizado para bots (IP: ::1)
[2025-08-27 14:08:50] Transient NEW entregado a usuario (IP: ::1)
[2025-08-27 14:09:16] Transient NEW entregado a usuario (IP: ::1)
[2025-08-27 14:09:30] Transient NEW entregado a usuario (IP: ::1)
[2025-08-27 14:09:48] Transient NEW entregado a usuario (IP: ::1)
[2025-08-27 14:10:29] Transient NEW entregado a usuario (IP: ::1)
[2025-08-27 14:10:48] IP: ::1 | HTTP: 200 | URL: https://www.tokkobroker.com/api/v1/property/search/?lang=es_ar&format=json&limit=12&offset=0&order_by=created_at&order=desc&data=%7B%22current_localization_id%22%3A0%2C%22current_localization_type%22%3A%22country%22%2C%22price_from%22%3A1%2C%22price_to%22%3A999999999%2C%22operation_types%22%3A%5B1%2C2%5D%2C%22property_types%22%3A%5B1%2C2%2C3%2C4%2C5%2C6%2C7%2C8%2C9%2C10%2C11%2C12%2C13%2C14%2C15%2C16%2C17%2C18%2C19%2C20%2C21%2C22%2C23%2C24%2C25%2C26%2C27%2C28%5D%2C%22currency%22%3A%22ANY%22%2C%22filters%22%3A%5B%5D%2C%22with_tags%22%3A%5B%5D%2C%22without_tags%22%3A%5B%5D%7D&key=fad0d191d200804e836be0b26626ac919fa37e8a | Error: 
[2025-08-27 14:10:48] Transient NEW creado para usuario y OLD actualizado para bots (IP: ::1)
[2025-08-27 14:12:20] Transient NEW entregado a usuario (IP: ::1)
[2025-08-27 14:12:53] IP: ::1 | HTTP: 200 | URL: https://www.tokkobroker.com/api/v1/property/search/?lang=es_ar&format=json&limit=12&offset=0&order_by=created_at&order=desc&data=%7B%22current_localization_id%22%3A0%2C%22current_localization_type%22%3A%22country%22%2C%22price_from%22%3A1%2C%22price_to%22%3A999999999%2C%22operation_types%22%3A%5B1%2C2%5D%2C%22property_types%22%3A%5B1%2C2%2C3%2C4%2C5%2C6%2C7%2C8%2C9%2C10%2C11%2C12%2C13%2C14%2C15%2C16%2C17%2C18%2C19%2C20%2C21%2C22%2C23%2C24%2C25%2C26%2C27%2C28%5D%2C%22currency%22%3A%22ANY%22%2C%22filters%22%3A%5B%5D%2C%22with_tags%22%3A%5B%5D%2C%22without_tags%22%3A%5B%5D%7D&key=fad0d191d200804e836be0b26626ac919fa37e8a | Error: 
[2025-08-27 14:12:53] Transient NEW creado para usuario y OLD actualizado para bots (IP: ::1)
[2025-08-27 14:12:56] IP: ::1 | HTTP: 200 | URL: https://www.tokkobroker.com/api/v1/property/search/?lang=es_ar&format=json&limit=12&offset=0&order_by=created_at&order=desc&data=%7B%22current_localization_id%22%3A%5B24677%2C24678%2C24682%2C24690%2C24697%2C24705%2C24708%2C24709%2C24718%2C24699%2C24700%2C24728%2C24731%2C24733%2C24701%2C24681%2C24702%2C24737%2C24703%2C24738%2C24704%2C24741%2C24745%2C24753%5D%2C%22current_localization_type%22%3A%22division%22%2C%22price_from%22%3A1%2C%22price_to%22%3A999999999%2C%22operation_types%22%3A%5B1%2C2%5D%2C%22property_types%22%3A%5B1%2C2%2C3%2C4%2C5%2C6%2C7%2C8%2C9%2C10%2C11%2C12%2C13%2C14%2C15%2C16%2C17%2C18%2C19%2C20%2C21%2C22%2C23%2C24%2C25%2C26%2C27%2C28%5D%2C%22currency%22%3A%22ANY%22%2C%22filters%22%3A%5B%5D%2C%22with_tags%22%3A%5B%5D%2C%22without_tags%22%3A%5B%5D%7D&key=fad0d191d200804e836be0b26626ac919fa37e8a | Error: 
[2025-08-27 14:12:56] Transient NEW creado para usuario y OLD actualizado para bots (IP: ::1)
[2025-08-27 14:12:59] Transient NEW entregado a usuario (IP: ::1)
[2025-08-27 14:13:05] IP: ::1 | HTTP: 200 | URL: https://www.tokkobroker.com/api/v1/property/search/?lang=es_ar&format=json&limit=12&offset=0&order_by=created_at&order=desc&data=%7B%22current_localization_id%22%3A%5B25982%5D%2C%22current_localization_type%22%3A%22division%22%2C%22price_from%22%3A1%2C%22price_to%22%3A999999999%2C%22operation_types%22%3A%5B1%2C2%5D%2C%22property_types%22%3A%5B1%2C2%2C3%2C4%2C5%2C6%2C7%2C8%2C9%2C10%2C11%2C12%2C13%2C14%2C15%2C16%2C17%2C18%2C19%2C20%2C21%2C22%2C23%2C24%2C25%2C26%2C27%2C28%5D%2C%22currency%22%3A%22ANY%22%2C%22filters%22%3A%5B%5D%2C%22with_tags%22%3A%5B%5D%2C%22without_tags%22%3A%5B%5D%7D&key=fad0d191d200804e836be0b26626ac919fa37e8a | Error: 
[2025-08-27 14:13:05] Transient NEW creado para usuario y OLD actualizado para bots (IP: ::1)
[2025-08-27 14:13:12] IP: ::1 | HTTP: 200 | URL: https://www.tokkobroker.com/api/v1/property/search/?lang=es_ar&format=json&limit=12&offset=0&order_by=created_at&order=desc&data=%7B%22current_localization_id%22%3A%5B51330%5D%2C%22current_localization_type%22%3A%22division%22%2C%22price_from%22%3A1%2C%22price_to%22%3A999999999%2C%22operation_types%22%3A%5B1%2C2%5D%2C%22property_types%22%3A%5B1%2C2%2C3%2C4%2C5%2C6%2C7%2C8%2C9%2C10%2C11%2C12%2C13%2C14%2C15%2C16%2C17%2C18%2C19%2C20%2C21%2C22%2C23%2C24%2C25%2C26%2C27%2C28%5D%2C%22currency%22%3A%22ANY%22%2C%22filters%22%3A%5B%5D%2C%22with_tags%22%3A%5B%5D%2C%22without_tags%22%3A%5B%5D%7D&key=fad0d191d200804e836be0b26626ac919fa37e8a | Error: 
[2025-08-27 14:13:12] Transient NEW creado para usuario y OLD actualizado para bots (IP: ::1)
[2025-08-27 14:26:49] IP: ::1 | HTTP: 200 | URL: https://www.tokkobroker.com/api/v1/property/search/?lang=es_ar&format=json&limit=12&offset=0&order_by=created_at&order=desc&data=%7B%22current_localization_id%22%3A%5B51330%5D%2C%22current_localization_type%22%3A%22division%22%2C%22price_from%22%3A1%2C%22price_to%22%3A999999999%2C%22operation_types%22%3A%5B1%2C2%5D%2C%22property_types%22%3A%5B1%2C2%2C3%2C4%2C5%2C6%2C7%2C8%2C9%2C10%2C11%2C12%2C13%2C14%2C15%2C16%2C17%2C18%2C19%2C20%2C21%2C22%2C23%2C24%2C25%2C26%2C27%2C28%5D%2C%22currency%22%3A%22ANY%22%2C%22filters%22%3A%5B%5D%2C%22with_tags%22%3A%5B%5D%2C%22without_tags%22%3A%5B%5D%7D&key=fad0d191d200804e836be0b26626ac919fa37e8a | Error: 
[2025-08-27 14:26:49] Transient NEW creado para usuario y OLD actualizado para bots (IP: ::1)
[2025-08-27 14:26:52] IP: ::1 | HTTP: 200 | URL: https://www.tokkobroker.com/api/v1/property/search/?lang=es_ar&format=json&limit=12&offset=0&order_by=created_at&order=desc&data=%7B%22current_localization_id%22%3A0%2C%22current_localization_type%22%3A%22country%22%2C%22price_from%22%3A1%2C%22price_to%22%3A999999999%2C%22operation_types%22%3A%5B1%2C2%5D%2C%22property_types%22%3A%5B1%2C2%2C3%2C4%2C5%2C6%2C7%2C8%2C9%2C10%2C11%2C12%2C13%2C14%2C15%2C16%2C17%2C18%2C19%2C20%2C21%2C22%2C23%2C24%2C25%2C26%2C27%2C28%5D%2C%22currency%22%3A%22ANY%22%2C%22filters%22%3A%5B%5D%2C%22with_tags%22%3A%5B%5D%2C%22without_tags%22%3A%5B%5D%7D&key=fad0d191d200804e836be0b26626ac919fa37e8a | Error: 
[2025-08-27 14:26:52] Transient NEW creado para usuario y OLD actualizado para bots (IP: ::1)
[2025-08-27 14:26:56] IP: ::1 | HTTP: 200 | URL: https://www.tokkobroker.com/api/v1/property/search/?lang=es_ar&format=json&limit=12&offset=0&order_by=created_at&order=desc&data=%7B%22current_localization_id%22%3A%5B24677%5D%2C%22current_localization_type%22%3A%22division%22%2C%22price_from%22%3A1%2C%22price_to%22%3A999999999%2C%22operation_types%22%3A%5B1%2C2%5D%2C%22property_types%22%3A%5B1%2C2%2C3%2C4%2C5%2C6%2C7%2C8%2C9%2C10%2C11%2C12%2C13%2C14%2C15%2C16%2C17%2C18%2C19%2C20%2C21%2C22%2C23%2C24%2C25%2C26%2C27%2C28%5D%2C%22currency%22%3A%22ANY%22%2C%22filters%22%3A%5B%5D%2C%22with_tags%22%3A%5B%5D%2C%22without_tags%22%3A%5B%5D%7D&key=fad0d191d200804e836be0b26626ac919fa37e8a | Error: 
[2025-08-27 14:26:57] Transient NEW creado para usuario y OLD actualizado para bots (IP: ::1)
[2025-08-27 14:27:01] Transient NEW entregado a usuario (IP: ::1)
[2025-08-27 14:27:07] IP: ::1 | HTTP: 200 | URL: https://www.tokkobroker.com/api/v1/property/search/?lang=es_ar&format=json&limit=12&offset=0&order_by=created_at&order=desc&data=%7B%22current_localization_id%22%3A0%2C%22current_localization_type%22%3A%22country%22%2C%22price_from%22%3A1%2C%22price_to%22%3A999999999%2C%22operation_types%22%3A%5B1%5D%2C%22property_types%22%3A%5B1%2C2%2C3%2C4%2C5%2C6%2C7%2C8%2C9%2C10%2C11%2C12%2C13%2C14%2C15%2C16%2C17%2C18%2C19%2C20%2C21%2C22%2C23%2C24%2C25%2C26%2C27%2C28%5D%2C%22currency%22%3A%22ANY%22%2C%22filters%22%3A%5B%5D%2C%22with_tags%22%3A%5B%5D%2C%22without_tags%22%3A%5B%5D%7D&key=fad0d191d200804e836be0b26626ac919fa37e8a | Error: 
[2025-08-27 14:27:07] Transient NEW creado para usuario y OLD actualizado para bots (IP: ::1)
[2025-08-27 14:27:11] Transient NEW entregado a usuario (IP: ::1)
[2025-08-27 14:27:16] IP: ::1 | HTTP: 200 | URL: https://www.tokkobroker.com/api/v1/property/search/?lang=es_ar&format=json&limit=12&offset=0&order_by=created_at&order=desc&data=%7B%22current_localization_id%22%3A0%2C%22current_localization_type%22%3A%22country%22%2C%22price_from%22%3A1%2C%22price_to%22%3A999999999%2C%22operation_types%22%3A%5B1%2C2%5D%2C%22property_types%22%3A%5B7%5D%2C%22currency%22%3A%22ANY%22%2C%22filters%22%3A%5B%5D%2C%22with_tags%22%3A%5B%5D%2C%22without_tags%22%3A%5B%5D%7D&key=fad0d191d200804e836be0b26626ac919fa37e8a | Error: 
[2025-08-27 14:27:16] Transient NEW creado para usuario y OLD actualizado para bots (IP: ::1)
[2025-08-27 14:27:20] IP: ::1 | HTTP: 200 | URL: https://www.tokkobroker.com/api/v1/property/search/?lang=es_ar&format=json&limit=12&offset=0&order_by=created_at&order=desc&data=%7B%22current_localization_id%22%3A0%2C%22current_localization_type%22%3A%22country%22%2C%22price_from%22%3A1%2C%22price_to%22%3A999999999%2C%22operation_types%22%3A%5B1%2C2%5D%2C%22property_types%22%3A%5B7%5D%2C%22currency%22%3A%22ANY%22%2C%22filters%22%3A%5B%5B%22suite_amount%22%2C%22%3D%22%2C2%5D%5D%2C%22with_tags%22%3A%5B%5D%2C%22without_tags%22%3A%5B%5D%7D&key=fad0d191d200804e836be0b26626ac919fa37e8a | Error: 
[2025-08-27 14:27:20] Transient NEW creado para usuario y OLD actualizado para bots (IP: ::1)
[2025-08-27 14:27:24] Transient NEW entregado a usuario (IP: ::1)
[2025-08-27 14:27:30] IP: ::1 | HTTP: 200 | URL: https://www.tokkobroker.com/api/v1/property/search/?lang=es_ar&format=json&limit=12&offset=0&order_by=created_at&order=desc&data=%7B%22current_localization_id%22%3A0%2C%22current_localization_type%22%3A%22country%22%2C%22price_from%22%3A1%2C%22price_to%22%3A40000%2C%22operation_types%22%3A%5B1%2C2%5D%2C%22property_types%22%3A%5B7%5D%2C%22currency%22%3A%22ANY%22%2C%22filters%22%3A%5B%5D%2C%22with_tags%22%3A%5B%5D%2C%22without_tags%22%3A%5B%5D%7D&key=fad0d191d200804e836be0b26626ac919fa37e8a | Error: 
[2025-08-27 14:27:30] Transient NEW creado para usuario y OLD actualizado para bots (IP: ::1)
[2025-08-27 14:27:38] IP: ::1 | HTTP: 200 | URL: https://www.tokkobroker.com/api/v1/property/search/?lang=es_ar&format=json&limit=12&offset=0&order_by=created_at&order=desc&data=%7B%22current_localization_id%22%3A0%2C%22current_localization_type%22%3A%22country%22%2C%22price_from%22%3A1%2C%22price_to%22%3A400000%2C%22operation_types%22%3A%5B1%2C2%5D%2C%22property_types%22%3A%5B7%5D%2C%22currency%22%3A%22ARS%22%2C%22filters%22%3A%5B%5D%2C%22with_tags%22%3A%5B%5D%2C%22without_tags%22%3A%5B%5D%7D&key=fad0d191d200804e836be0b26626ac919fa37e8a | Error: 
[2025-08-27 14:27:38] Transient NEW creado para usuario y OLD actualizado para bots (IP: ::1)
[2025-08-27 14:30:22] IP: ::1 | HTTP: 200 | URL: https://www.tokkobroker.com/api/v1/property/search/?lang=es_ar&format=json&limit=12&offset=0&order_by=created_at&order=desc&data=%7B%22current_localization_id%22%3A0%2C%22current_localization_type%22%3A%22country%22%2C%22price_from%22%3A1%2C%22price_to%22%3A400000%2C%22operation_types%22%3A%5B1%2C2%5D%2C%22property_types%22%3A%5B7%5D%2C%22currency%22%3A%22ARS%22%2C%22filters%22%3A%5B%5D%2C%22with_tags%22%3A%5B%5D%2C%22without_tags%22%3A%5B%5D%7D&key=fad0d191d200804e836be0b26626ac919fa37e8a | Error: 
[2025-08-27 14:30:22] Transient NEW creado para usuario y OLD actualizado para bots (IP: ::1)
[2025-08-27 14:30:27] Transient NEW entregado a usuario (IP: ::1)
[2025-08-27 14:30:30] Transient NEW entregado a usuario (IP: ::1)
[2025-08-27 14:31:14] IP: ::1 | HTTP: 200 | URL: https://www.tokkobroker.com/api/v1/property/search/?lang=es_ar&format=json&limit=12&offset=0&order_by=created_at&order=desc&data=%7B%22current_localization_id%22%3A0%2C%22current_localization_type%22%3A%22country%22%2C%22price_from%22%3A1%2C%22price_to%22%3A400000%2C%22operation_types%22%3A%5B1%2C2%2C1%2C2%5D%2C%22property_types%22%3A%5B7%2C7%2C8%2C10%2C1%2C5%5D%2C%22currency%22%3A%22ARS%22%2C%22filters%22%3A%5B%5B%22age%22%2C%22%3D%22%2C-1%5D%2C%5B%22age%22%2C%22%3D%22%2C0%5D%2C%5B%22age%22%2C%22%3E%22%2C1%5D%2C%5B%22room_amount%22%2C%22%3D%22%2C2%5D%2C%5B%22suite_amount%22%2C%22%3D%22%2C1%5D%5D%2C%22with_tags%22%3A%5B%5D%2C%22without_tags%22%3A%5B%5D%7D&key=fad0d191d200804e836be0b26626ac919fa37e8a | Error: 
[2025-08-27 14:31:14] Transient NEW creado para usuario y OLD actualizado para bots (IP: ::1)
[2025-08-27 14:31:25] IP: ::1 | HTTP: 200 | URL: https://www.tokkobroker.com/api/v1/property/search/?lang=es_ar&format=json&limit=12&offset=0&order_by=created_at&order=desc&data=%7B%22current_localization_id%22%3A0%2C%22current_localization_type%22%3A%22country%22%2C%22price_from%22%3A1%2C%22price_to%22%3A400000%2C%22operation_types%22%3A%5B1%2C2%2C1%2C2%2C1%2C2%5D%2C%22property_types%22%3A%5B7%2C7%2C8%2C10%2C1%2C5%5D%2C%22currency%22%3A%22ARS%22%2C%22filters%22%3A%5B%5B%22age%22%2C%22%3D%22%2C-1%5D%2C%5B%22age%22%2C%22%3D%22%2C0%5D%2C%5B%22age%22%2C%22%3E%22%2C1%5D%2C%5B%22room_amount%22%2C%22%3D%22%2C2%5D%2C%5B%22suite_amount%22%2C%22%3D%22%2C1%5D%5D%2C%22with_tags%22%3A%5B%5D%2C%22without_tags%22%3A%5B%5D%7D&key=fad0d191d200804e836be0b26626ac919fa37e8a | Error: 
[2025-08-27 14:31:25] Transient NEW creado para usuario y OLD actualizado para bots (IP: ::1)
[2025-08-27 14:31:28] IP: ::1 | HTTP: 200 | URL: https://www.tokkobroker.com/api/v1/property/search/?lang=es_ar&format=json&limit=12&offset=0&order_by=created_at&order=desc&data=%7B%22current_localization_id%22%3A0%2C%22current_localization_type%22%3A%22country%22%2C%22price_from%22%3A1%2C%22price_to%22%3A400000%2C%22operation_types%22%3A%5B1%2C2%2C1%2C2%2C1%2C2%2C1%2C2%5D%2C%22property_types%22%3A%5B7%2C7%2C8%2C10%2C1%2C5%2C7%2C8%2C10%2C1%2C5%2C2%5D%2C%22currency%22%3A%22ARS%22%2C%22filters%22%3A%5B%5B%22age%22%2C%22%3D%22%2C-1%5D%2C%5B%22age%22%2C%22%3D%22%2C0%5D%2C%5B%22age%22%2C%22%3E%22%2C1%5D%2C%5B%22room_amount%22%2C%22%3D%22%2C2%5D%2C%5B%22suite_amount%22%2C%22%3D%22%2C1%5D%5D%2C%22with_tags%22%3A%5B%5D%2C%22without_tags%22%3A%5B%5D%7D&key=fad0d191d200804e836be0b26626ac919fa37e8a | Error: 
[2025-08-27 14:31:28] Transient NEW creado para usuario y OLD actualizado para bots (IP: ::1)
[2025-08-27 14:31:31] IP: ::1 | HTTP: 200 | URL: https://www.tokkobroker.com/api/v1/property/search/?lang=es_ar&format=json&limit=12&offset=0&order_by=created_at&order=desc&data=%7B%22current_localization_id%22%3A0%2C%22current_localization_type%22%3A%22country%22%2C%22price_from%22%3A1%2C%22price_to%22%3A400000%2C%22operation_types%22%3A%5B1%2C2%2C1%2C2%2C1%2C2%2C1%2C2%2C1%2C2%5D%2C%22property_types%22%3A%5B7%2C7%2C8%2C10%2C1%2C5%2C7%2C8%2C10%2C1%2C5%2C2%2C8%2C10%2C1%2C5%5D%2C%22currency%22%3A%22ARS%22%2C%22filters%22%3A%5B%5B%22age%22%2C%22%3D%22%2C-1%5D%2C%5B%22age%22%2C%22%3D%22%2C0%5D%2C%5B%22age%22%2C%22%3E%22%2C1%5D%2C%5B%22room_amount%22%2C%22%3D%22%2C2%5D%2C%5B%22suite_amount%22%2C%22%3D%22%2C1%5D%5D%2C%22with_tags%22%3A%5B%5D%2C%22without_tags%22%3A%5B%5D%7D&key=fad0d191d200804e836be0b26626ac919fa37e8a | Error: 
[2025-08-27 14:31:31] Transient NEW creado para usuario y OLD actualizado para bots (IP: ::1)
[2025-08-27 14:31:37] IP: ::1 | HTTP: 200 | URL: https://www.tokkobroker.com/api/v1/property/search/?lang=es_ar&format=json&limit=12&offset=0&order_by=created_at&order=desc&data=%7B%22current_localization_id%22%3A0%2C%22current_localization_type%22%3A%22country%22%2C%22price_from%22%3A1%2C%22price_to%22%3A400000%2C%22operation_types%22%3A%5B1%2C2%2C1%2C2%2C1%2C2%2C1%2C2%2C1%2C2%2C1%2C2%5D%2C%22property_types%22%3A%5B7%2C7%2C8%2C10%2C1%2C5%2C7%2C8%2C10%2C1%2C5%2C2%2C8%2C10%2C1%2C5%2C1%2C5%5D%2C%22currency%22%3A%22ARS%22%2C%22filters%22%3A%5B%5B%22age%22%2C%22%3D%22%2C-1%5D%2C%5B%22age%22%2C%22%3D%22%2C0%5D%2C%5B%22age%22%2C%22%3E%22%2C1%5D%2C%5B%22room_amount%22%2C%22%3D%22%2C2%5D%2C%5B%22suite_amount%22%2C%22%3D%22%2C1%5D%5D%2C%22with_tags%22%3A%5B%5D%2C%22without_tags%22%3A%5B%5D%7D&key=fad0d191d200804e836be0b26626ac919fa37e8a | Error: 
[2025-08-27 14:31:37] Transient NEW creado para usuario y OLD actualizado para bots (IP: ::1)
[2025-08-27 14:31:47] IP: ::1 | HTTP: 200 | URL: https://www.tokkobroker.com/api/v1/property/search/?lang=es_ar&format=json&limit=12&offset=0&order_by=created_at&order=desc&data=%7B%22current_localization_id%22%3A0%2C%22current_localization_type%22%3A%22country%22%2C%22price_from%22%3A1%2C%22price_to%22%3A400000%2C%22operation_types%22%3A%5B1%2C2%5D%2C%22property_types%22%3A%5B2%2C7%2C8%2C10%2C1%2C5%5D%2C%22currency%22%3A%22ARS%22%2C%22filters%22%3A%5B%5B%22age%22%2C%22%3D%22%2C-1%5D%2C%5B%22age%22%2C%22%3D%22%2C0%5D%2C%5B%22age%22%2C%22%3E%22%2C1%5D%2C%5B%22room_amount%22%2C%22%3D%22%2C2%5D%2C%5B%22suite_amount%22%2C%22%3D%22%2C1%5D%5D%2C%22with_tags%22%3A%5B%5D%2C%22without_tags%22%3A%5B%5D%7D&key=fad0d191d200804e836be0b26626ac919fa37e8a | Error: 
[2025-08-27 14:31:47] Transient NEW creado para usuario y OLD actualizado para bots (IP: ::1)
[2025-08-27 14:31:52] Transient NEW entregado a usuario (IP: ::1)
[2025-08-27 14:32:52] Transient NEW entregado a usuario (IP: ::1)
[2025-08-27 14:33:10] IP: ::1 | HTTP: 200 | URL: https://www.tokkobroker.com/api/v1/property/search/?lang=es_ar&format=json&limit=12&offset=0&order_by=created_at&order=desc&data=%7B%22current_localization_id%22%3A0%2C%22current_localization_type%22%3A%22country%22%2C%22price_from%22%3A1%2C%22price_to%22%3A400000%2C%22operation_types%22%3A%5B1%2C2%5D%2C%22property_types%22%3A%5B1%2C2%2C3%2C4%2C5%2C6%2C7%2C8%2C9%2C10%2C11%2C12%2C13%2C14%2C15%2C16%2C17%2C18%2C19%2C20%2C21%2C22%2C23%2C24%2C25%2C26%2C27%2C28%5D%2C%22currency%22%3A%22ARS%22%2C%22filters%22%3A%5B%5D%2C%22with_tags%22%3A%5B%5D%2C%22without_tags%22%3A%5B%5D%7D&key=fad0d191d200804e836be0b26626ac919fa37e8a | Error: 
[2025-08-27 14:33:10] Transient NEW creado para usuario y OLD actualizado para bots (IP: ::1)
[2025-08-27 14:33:15] Transient NEW entregado a usuario (IP: ::1)
[2025-08-27 14:33:20] IP: ::1 | HTTP: 200 | URL: https://www.tokkobroker.com/api/v1/property/search/?lang=es_ar&format=json&limit=12&offset=0&order_by=created_at&order=desc&data=%7B%22current_localization_id%22%3A0%2C%22current_localization_type%22%3A%22country%22%2C%22price_from%22%3A1%2C%22price_to%22%3A400000%2C%22operation_types%22%3A%5B1%2C2%5D%2C%22property_types%22%3A%5B1%2C2%2C3%2C4%2C5%2C6%2C7%2C8%2C9%2C10%2C11%2C12%2C13%2C14%2C15%2C16%2C17%2C18%2C19%2C20%2C21%2C22%2C23%2C24%2C25%2C26%2C27%2C28%5D%2C%22currency%22%3A%22USD%22%2C%22filters%22%3A%5B%5D%2C%22with_tags%22%3A%5B%5D%2C%22without_tags%22%3A%5B%5D%7D&key=fad0d191d200804e836be0b26626ac919fa37e8a | Error: 
[2025-08-27 14:33:20] Transient NEW creado para usuario y OLD actualizado para bots (IP: ::1)
[2025-08-27 14:33:40] IP: ::1 | HTTP: 200 | URL: https://www.tokkobroker.com/api/v1/property/search/?lang=es_ar&format=json&limit=12&offset=0&order_by=created_at&order=desc&data=%7B%22current_localization_id%22%3A%5B24677%5D%2C%22current_localization_type%22%3A%22division%22%2C%22price_from%22%3A1%2C%22price_to%22%3A400000%2C%22operation_types%22%3A%5B1%5D%2C%22property_types%22%3A%5B1%2C2%2C3%2C4%2C5%2C6%2C7%2C8%2C9%2C10%2C11%2C12%2C13%2C14%2C15%2C16%2C17%2C18%2C19%2C20%2C21%2C22%2C23%2C24%2C25%2C26%2C27%2C28%5D%2C%22currency%22%3A%22USD%22%2C%22filters%22%3A%5B%5D%2C%22with_tags%22%3A%5B%5D%2C%22without_tags%22%3A%5B%5D%7D&key=fad0d191d200804e836be0b26626ac919fa37e8a | Error: 
[2025-08-27 14:33:40] Transient NEW creado para usuario y OLD actualizado para bots (IP: ::1)
[2025-08-27 14:33:43] IP: ::1 | HTTP: 200 | URL: https://www.tokkobroker.com/api/v1/property/search/?lang=es_ar&format=json&limit=12&offset=0&order_by=created_at&order=desc&data=%7B%22current_localization_id%22%3A0%2C%22current_localization_type%22%3A%22country%22%2C%22price_from%22%3A1%2C%22price_to%22%3A400000%2C%22operation_types%22%3A%5B1%5D%2C%22property_types%22%3A%5B1%2C2%2C3%2C4%2C5%2C6%2C7%2C8%2C9%2C10%2C11%2C12%2C13%2C14%2C15%2C16%2C17%2C18%2C19%2C20%2C21%2C22%2C23%2C24%2C25%2C26%2C27%2C28%5D%2C%22currency%22%3A%22USD%22%2C%22filters%22%3A%5B%5D%2C%22with_tags%22%3A%5B%5D%2C%22without_tags%22%3A%5B%5D%7D&key=fad0d191d200804e836be0b26626ac919fa37e8a | Error: 
[2025-08-27 14:33:43] Transient NEW creado para usuario y OLD actualizado para bots (IP: ::1)
[2025-08-27 14:33:47] Transient NEW entregado a usuario (IP: ::1)
[2025-08-27 14:33:58] Transient NEW entregado a usuario (IP: ::1)
[2025-08-27 14:34:08] Transient NEW entregado a usuario (IP: ::1)
[2025-08-27 14:35:55] IP: ::1 | HTTP: 200 | URL: https://www.tokkobroker.com/api/v1/property/search/?lang=es_ar&format=json&limit=12&offset=0&order_by=created_at&order=desc&data=%7B%22current_localization_id%22%3A0%2C%22current_localization_type%22%3A%22country%22%2C%22price_from%22%3A1%2C%22price_to%22%3A400000%2C%22operation_types%22%3A%5B1%2C2%5D%2C%22property_types%22%3A%5B1%2C2%2C3%2C4%2C5%2C6%2C7%2C8%2C9%2C10%2C11%2C12%2C13%2C14%2C15%2C16%2C17%2C18%2C19%2C20%2C21%2C22%2C23%2C24%2C25%2C26%2C27%2C28%5D%2C%22currency%22%3A%22USD%22%2C%22filters%22%3A%5B%5D%2C%22with_tags%22%3A%5B%5D%2C%22without_tags%22%3A%5B%5D%7D&key=fad0d191d200804e836be0b26626ac919fa37e8a | Error: 
[2025-08-27 14:35:55] Transient NEW creado para usuario y OLD actualizado para bots (IP: ::1)
[2025-08-27 14:35:59] Transient NEW entregado a usuario (IP: ::1)
[2025-08-27 14:36:02] Transient NEW entregado a usuario (IP: ::1)
[2025-08-27 14:36:06] Transient NEW entregado a usuario (IP: ::1)
[2025-08-27 14:36:34] Transient NEW entregado a usuario (IP: ::1)
[2025-08-27 14:36:56] Transient NEW entregado a usuario (IP: ::1)
[2025-08-27 14:36:59] IP: ::1 | HTTP: 200 | URL: https://www.tokkobroker.com/api/v1/property/search/?lang=es_ar&format=json&limit=12&offset=0&order_by=created_at&order=desc&data=%7B%22current_localization_id%22%3A%5B24677%5D%2C%22current_localization_type%22%3A%22division%22%2C%22price_from%22%3A1%2C%22price_to%22%3A400000%2C%22operation_types%22%3A%5B2%2C1%5D%2C%22property_types%22%3A%5B1%2C2%2C3%2C4%2C5%2C6%2C7%2C8%2C9%2C10%2C11%2C12%2C13%2C14%2C15%2C16%2C17%2C18%2C19%2C20%2C21%2C22%2C23%2C24%2C25%2C26%2C27%2C28%5D%2C%22currency%22%3A%22USD%22%2C%22filters%22%3A%5B%5D%2C%22with_tags%22%3A%5B%5D%2C%22without_tags%22%3A%5B%5D%7D&key=fad0d191d200804e836be0b26626ac919fa37e8a | Error: 
[2025-08-27 14:37:00] Transient NEW creado para usuario y OLD actualizado para bots (IP: ::1)
[2025-08-27 14:38:26] Transient NEW entregado a usuario (IP: ::1)
[2025-08-27 14:38:31] IP: ::1 | HTTP: 200 | URL: https://www.tokkobroker.com/api/v1/property/search/?lang=es_ar&format=json&limit=12&offset=0&order_by=created_at&order=desc&data=%7B%22current_localization_id%22%3A0%2C%22current_localization_type%22%3A%22country%22%2C%22price_from%22%3A1%2C%22price_to%22%3A400000%2C%22operation_types%22%3A%5B1%2C2%5D%2C%22property_types%22%3A%5B1%2C2%2C3%2C4%2C5%2C6%2C7%2C8%2C9%2C10%2C11%2C12%2C13%2C14%2C15%2C16%2C17%2C18%2C19%2C20%2C21%2C22%2C23%2C24%2C25%2C26%2C27%2C28%5D%2C%22currency%22%3A%22USD%22%2C%22filters%22%3A%5B%5D%2C%22with_tags%22%3A%5B%5D%2C%22without_tags%22%3A%5B%5D%7D&key=fad0d191d200804e836be0b26626ac919fa37e8a | Error: 
[2025-08-27 14:38:31] Transient NEW creado para usuario y OLD actualizado para bots (IP: ::1)
[2025-08-27 14:38:35] Transient NEW entregado a usuario (IP: ::1)
[2025-08-27 14:38:41] Transient NEW entregado a usuario (IP: ::1)
[2025-08-27 14:38:52] IP: ::1 | HTTP: 200 | URL: https://www.tokkobroker.com/api/v1/property/search/?lang=es_ar&format=json&limit=12&offset=0&order_by=created_at&order=desc&data=%7B%22current_localization_id%22%3A0%2C%22current_localization_type%22%3A%22country%22%2C%22price_from%22%3A1%2C%22price_to%22%3A400000%2C%22operation_types%22%3A%5B1%2C2%5D%2C%22property_types%22%3A%5B1%2C7%5D%2C%22currency%22%3A%22USD%22%2C%22filters%22%3A%5B%5B%22age%22%2C%22%3D%22%2C0%5D%2C%5B%22age%22%2C%22%3E%22%2C1%5D%2C%5B%22room_amount%22%2C%22%3D%22%2C3%5D%2C%5B%22suite_amount%22%2C%22%3E%22%2C3%5D%5D%2C%22with_tags%22%3A%5B%5D%2C%22without_tags%22%3A%5B%5D%7D&key=fad0d191d200804e836be0b26626ac919fa37e8a | Error: 
[2025-08-27 14:38:52] Transient NEW creado para usuario y OLD actualizado para bots (IP: ::1)
[2025-08-27 14:38:59] IP: ::1 | HTTP: 200 | URL: https://www.tokkobroker.com/api/v1/property/search/?lang=es_ar&format=json&limit=12&offset=0&order_by=created_at&order=desc&data=%7B%22current_localization_id%22%3A0%2C%22current_localization_type%22%3A%22country%22%2C%22price_from%22%3A1%2C%22price_to%22%3A200%2C%22operation_types%22%3A%5B1%2C2%5D%2C%22property_types%22%3A%5B7%2C1%5D%2C%22currency%22%3A%22USD%22%2C%22filters%22%3A%5B%5B%22age%22%2C%22%3D%22%2C0%5D%2C%5B%22age%22%2C%22%3E%22%2C1%5D%2C%5B%22room_amount%22%2C%22%3D%22%2C3%5D%2C%5B%22suite_amount%22%2C%22%3E%22%2C3%5D%5D%2C%22with_tags%22%3A%5B%5D%2C%22without_tags%22%3A%5B%5D%7D&key=fad0d191d200804e836be0b26626ac919fa37e8a | Error: 
[2025-08-27 14:38:59] Transient NEW creado para usuario y OLD actualizado para bots (IP: ::1)
[2025-08-27 14:39:04] Transient NEW entregado a usuario (IP: ::1)
[2025-08-27 14:39:21] Transient NEW entregado a usuario (IP: ::1)
[2025-08-27 14:39:25] IP: ::1 | HTTP: 200 | URL: https://www.tokkobroker.com/api/v1/property/search/?lang=es_ar&format=json&limit=12&offset=0&order_by=created_at&order=desc&data=%7B%22current_localization_id%22%3A0%2C%22current_localization_type%22%3A%22country%22%2C%22price_from%22%3A1%2C%22price_to%22%3A200%2C%22operation_types%22%3A%5B1%2C2%5D%2C%22property_types%22%3A%5B7%2C1%5D%2C%22currency%22%3A%22USD%22%2C%22filters%22%3A%5B%5B%22age%22%2C%22%3D%22%2C-1%5D%2C%5B%22age%22%2C%22%3D%22%2C0%5D%2C%5B%22age%22%2C%22%3E%22%2C1%5D%2C%5B%22room_amount%22%2C%22%3D%22%2C3%5D%2C%5B%22suite_amount%22%2C%22%3E%22%2C3%5D%5D%2C%22with_tags%22%3A%5B%5D%2C%22without_tags%22%3A%5B%5D%7D&key=fad0d191d200804e836be0b26626ac919fa37e8a | Error: 
[2025-08-27 14:39:25] Transient NEW creado para usuario y OLD actualizado para bots (IP: ::1)
[2025-08-27 14:39:28] IP: ::1 | HTTP: 200 | URL: https://www.tokkobroker.com/api/v1/property/search/?lang=es_ar&format=json&limit=12&offset=0&order_by=created_at&order=desc&data=%7B%22current_localization_id%22%3A0%2C%22current_localization_type%22%3A%22country%22%2C%22price_from%22%3A1%2C%22price_to%22%3A999999999%2C%22operation_types%22%3A%5B1%2C2%5D%2C%22property_types%22%3A%5B1%2C2%2C3%2C4%2C5%2C6%2C7%2C8%2C9%2C10%2C11%2C12%2C13%2C14%2C15%2C16%2C17%2C18%2C19%2C20%2C21%2C22%2C23%2C24%2C25%2C26%2C27%2C28%5D%2C%22currency%22%3A%22ANY%22%2C%22filters%22%3A%5B%5D%2C%22with_tags%22%3A%5B%5D%2C%22without_tags%22%3A%5B%5D%7D&key=fad0d191d200804e836be0b26626ac919fa37e8a | Error: 
[2025-08-27 14:39:28] Transient NEW creado para usuario y OLD actualizado para bots (IP: ::1)
[2025-08-27 14:39:32] IP: ::1 | HTTP: 200 | URL: https://www.tokkobroker.com/api/v1/property/search/?lang=es_ar&format=json&limit=12&offset=0&order_by=created_at&order=desc&data=%7B%22current_localization_id%22%3A0%2C%22current_localization_type%22%3A%22country%22%2C%22price_from%22%3A1%2C%22price_to%22%3A999999999%2C%22operation_types%22%3A%5B2%2C1%5D%2C%22property_types%22%3A%5B1%2C2%2C3%2C4%2C5%2C6%2C7%2C8%2C9%2C10%2C11%2C12%2C13%2C14%2C15%2C16%2C17%2C18%2C19%2C20%2C21%2C22%2C23%2C24%2C25%2C26%2C27%2C28%5D%2C%22currency%22%3A%22ANY%22%2C%22filters%22%3A%5B%5D%2C%22with_tags%22%3A%5B%5D%2C%22without_tags%22%3A%5B%5D%7D&key=fad0d191d200804e836be0b26626ac919fa37e8a | Error: 
[2025-08-27 14:39:32] Transient NEW creado para usuario y OLD actualizado para bots (IP: ::1)
[2025-08-27 14:39:36] IP: ::1 | HTTP: 200 | URL: https://www.tokkobroker.com/api/v1/property/search/?lang=es_ar&format=json&limit=12&offset=0&order_by=created_at&order=desc&data=%7B%22current_localization_id%22%3A0%2C%22current_localization_type%22%3A%22country%22%2C%22price_from%22%3A1%2C%22price_to%22%3A999999999%2C%22operation_types%22%3A%5B1%2C2%5D%2C%22property_types%22%3A%5B8%5D%2C%22currency%22%3A%22ANY%22%2C%22filters%22%3A%5B%5D%2C%22with_tags%22%3A%5B%5D%2C%22without_tags%22%3A%5B%5D%7D&key=fad0d191d200804e836be0b26626ac919fa37e8a | Error: 
[2025-08-27 14:39:36] Transient NEW creado para usuario y OLD actualizado para bots (IP: ::1)
[2025-08-27 14:39:39] IP: ::1 | HTTP: 200 | URL: https://www.tokkobroker.com/api/v1/property/search/?lang=es_ar&format=json&limit=12&offset=0&order_by=created_at&order=desc&data=%7B%22current_localization_id%22%3A%5B24677%5D%2C%22current_localization_type%22%3A%22division%22%2C%22price_from%22%3A1%2C%22price_to%22%3A999999999%2C%22operation_types%22%3A%5B1%2C2%5D%2C%22property_types%22%3A%5B8%5D%2C%22currency%22%3A%22ANY%22%2C%22filters%22%3A%5B%5D%2C%22with_tags%22%3A%5B%5D%2C%22without_tags%22%3A%5B%5D%7D&key=fad0d191d200804e836be0b26626ac919fa37e8a | Error: 
[2025-08-27 14:39:39] Transient NEW creado para usuario y OLD actualizado para bots (IP: ::1)
[2025-08-27 14:39:42] Transient NEW entregado a usuario (IP: ::1)
[2025-08-27 14:39:46] Transient NEW entregado a usuario (IP: ::1)
[2025-08-27 14:39:49] Transient NEW entregado a usuario (IP: ::1)
[2025-08-27 14:39:52] Transient NEW entregado a usuario (IP: ::1)
[2025-08-27 14:39:55] IP: ::1 | HTTP: 200 | URL: https://www.tokkobroker.com/api/v1/property/search/?lang=es_ar&format=json&limit=12&offset=0&order_by=created_at&order=desc&data=%7B%22current_localization_id%22%3A%5B24677%2C24678%2C24682%2C24690%2C24697%2C24705%2C24708%2C24709%2C24718%2C24699%2C24700%2C24728%2C24731%2C24733%2C24701%2C24681%2C24702%2C24737%2C24703%2C24738%2C24704%2C24741%2C24745%2C24753%5D%2C%22current_localization_type%22%3A%22division%22%2C%22price_from%22%3A1%2C%22price_to%22%3A999999999%2C%22operation_types%22%3A%5B1%2C2%5D%2C%22property_types%22%3A%5B8%5D%2C%22currency%22%3A%22ANY%22%2C%22filters%22%3A%5B%5D%2C%22with_tags%22%3A%5B%5D%2C%22without_tags%22%3A%5B%5D%7D&key=fad0d191d200804e836be0b26626ac919fa37e8a | Error: 
[2025-08-27 14:39:55] Transient NEW creado para usuario y OLD actualizado para bots (IP: ::1)
[2025-08-27 14:39:56] Transient NEW entregado a usuario (IP: ::1)
[2025-08-27 14:40:09] Transient NEW entregado a usuario (IP: ::1)
[2025-08-27 14:40:16] IP: ::1 | HTTP: 200 | URL: https://www.tokkobroker.com/api/v1/property/search/?lang=es_ar&format=json&limit=12&offset=0&order_by=created_at&order=desc&data=%7B%22current_localization_id%22%3A0%2C%22current_localization_type%22%3A%22country%22%2C%22price_from%22%3A1%2C%22price_to%22%3A999999999%2C%22operation_types%22%3A%5B2%5D%2C%22property_types%22%3A%5B2%2C7%5D%2C%22currency%22%3A%22ANY%22%2C%22filters%22%3A%5B%5D%2C%22with_tags%22%3A%5B%5D%2C%22without_tags%22%3A%5B%5D%7D&key=fad0d191d200804e836be0b26626ac919fa37e8a | Error: 
[2025-08-27 14:40:16] Transient NEW creado para usuario y OLD actualizado para bots (IP: ::1)
[2025-08-27 14:46:41] IP: ::1 | ALL DEVELOPMENT | HTTP: 200 | URL: https://www.tokkobroker.com/api/v1/development/?format=json&lang=es_ar&key=fad0d191d200804e836be0b26626ac919fa37e8a | Error: 
[2025-08-27 14:46:41] ALL DEVELOPMENT Transient NEW creado para usuario y OLD actualizado para bots (IP: ::1)
[2025-08-27 14:46:42] IP: ::1 | HTTP: 200 | URL: https://www.tokkobroker.com/api/v1/property/search/?lang=es_ar&format=json&limit=4&offset=0&order_by=created_at&order=DESC&data=%7B%22current_localization_id%22%3A0%2C%22current_localization_type%22%3A%22country%22%2C%22price_from%22%3A0%2C%22price_to%22%3A99999999999999%2C%22operation_types%22%3A%5B1%2C2%5D%2C%22property_types%22%3A%5B1%2C2%2C3%2C4%2C5%2C6%2C7%2C8%2C9%2C10%2C11%2C12%2C13%2C14%2C15%2C16%2C17%2C18%2C19%2C20%2C21%2C22%2C23%2C24%2C25%2C26%2C27%2C28%5D%2C%22currency%22%3A%22USD%22%2C%22filters%22%3A%5B%5B%22is_starred_on_web%22%2C%22%3D%22%2C%22true%22%5D%5D%2C%22with_tags%22%3A%5B%5D%7D&key=fad0d191d200804e836be0b26626ac919fa37e8a | Error: 
[2025-08-27 14:46:42] Transient NEW creado para usuario y OLD actualizado para bots (IP: ::1)
[2025-08-27 14:49:29] IP: ::1 | HTTP: 200 | URL: https://www.tokkobroker.com/api/v1/property/search/?lang=es_ar&format=json&limit=12&offset=0&order_by=created_at&order=desc&data=%7B%22current_localization_id%22%3A%5B24697%5D%2C%22current_localization_type%22%3A%22division%22%2C%22price_from%22%3A1%2C%22price_to%22%3A999999999%2C%22operation_types%22%3A%5B1%5D%2C%22property_types%22%3A%5B7%5D%2C%22currency%22%3A%22ANY%22%2C%22filters%22%3A%5B%5D%2C%22with_tags%22%3A%5B%5D%2C%22without_tags%22%3A%5B%5D%7D&key=fad0d191d200804e836be0b26626ac919fa37e8a | Error: 
[2025-08-27 14:49:29] Transient NEW creado para usuario y OLD actualizado para bots (IP: ::1)
[2025-08-27 15:25:28] IP: ::1 | ALL DEVELOPMENT | HTTP: 200 | URL: https://www.tokkobroker.com/api/v1/development/?format=json&lang=es_ar&key=fad0d191d200804e836be0b26626ac919fa37e8a | Error: 
[2025-08-27 15:25:29] ALL DEVELOPMENT Transient NEW creado para usuario y OLD actualizado para bots (IP: ::1)
[2025-08-27 15:25:29] IP: ::1 | ALL DEVELOPMENT | HTTP: 200 | URL: https://www.tokkobroker.com/api/v1/development/?format=json&lang=es_ar&key=fad0d191d200804e836be0b26626ac919fa37e8a | Error: 
[2025-08-27 15:25:29] ALL DEVELOPMENT Transient NEW creado para usuario y OLD actualizado para bots (IP: ::1)
[2025-08-27 15:25:30] IP: ::1 | HTTP: 200 | URL: https://www.tokkobroker.com/api/v1/property/search/?lang=es_ar&format=json&limit=4&offset=0&order_by=created_at&order=DESC&data=%7B%22current_localization_id%22%3A0%2C%22current_localization_type%22%3A%22country%22%2C%22price_from%22%3A0%2C%22price_to%22%3A99999999999999%2C%22operation_types%22%3A%5B1%2C2%5D%2C%22property_types%22%3A%5B1%2C2%2C3%2C4%2C5%2C6%2C7%2C8%2C9%2C10%2C11%2C12%2C13%2C14%2C15%2C16%2C17%2C18%2C19%2C20%2C21%2C22%2C23%2C24%2C25%2C26%2C27%2C28%5D%2C%22currency%22%3A%22USD%22%2C%22filters%22%3A%5B%5B%22is_starred_on_web%22%2C%22%3D%22%2C%22true%22%5D%5D%2C%22with_tags%22%3A%5B%5D%7D&key=fad0d191d200804e836be0b26626ac919fa37e8a | Error: 
[2025-08-27 15:25:30] Transient NEW creado para usuario y OLD actualizado para bots (IP: ::1)
[2025-08-27 15:58:00] IP: ::1 | ALL DEVELOPMENT | HTTP: 200 | URL: https://www.tokkobroker.com/api/v1/development/?format=json&lang=es_ar&key=fad0d191d200804e836be0b26626ac919fa37e8a | Error: 
[2025-08-27 15:58:00] ALL DEVELOPMENT Transient NEW creado para usuario y OLD actualizado para bots (IP: ::1)
[2025-08-27 16:01:52] IP: ::1 | ALL DEVELOPMENT | HTTP: 200 | URL: https://www.tokkobroker.com/api/v1/development/?format=json&lang=es_ar&key=fad0d191d200804e836be0b26626ac919fa37e8a | Error: 
[2025-08-27 16:01:52] ALL DEVELOPMENT Transient NEW creado para usuario y OLD actualizado para bots (IP: ::1)
[2025-08-27 16:02:00] IP: ::1 | DEVELOPMENT_ID | HTTP: 200 | URL: https://www.tokkobroker.com/api/v1/development/57095/?key=fad0d191d200804e836be0b26626ac919fa37e8a&format=json&lang=es_ar | Error: 
[2025-08-27 16:02:00] DEVELOPMENT_ID Transient NEW creado para usuario y OLD actualizado para bots (ID: 57095 | IP: ::1)
[2025-08-27 16:02:02] IP: ::1 | HTTP: 200 | URL: https://www.tokkobroker.com/api/v1/property/search/?lang=es_ar&format=json&limit=100&offset=0&order_by=created_date&order=ASC&data=%7B%22current_localization_id%22%3A0%2C%22current_localization_type%22%3A%22country%22%2C%22price_from%22%3A1%2C%22price_to%22%3A999999999999%2C%22operation_types%22%3A%5B1%2C2%2C3%5D%2C%22property_types%22%3A%5B1%2C2%2C3%2C4%2C5%2C6%2C7%2C8%2C9%2C10%2C11%2C12%2C13%2C14%2C15%2C16%2C17%2C18%2C19%2C20%2C21%2C22%2C23%2C24%2C25%5D%2C%22currency%22%3A%22ANY%22%2C%22filters%22%3A%5B%5B%22development__id%22%2C%22%3D%22%2C%2257095%22%5D%5D%7D&key=fad0d191d200804e836be0b26626ac919fa37e8a | Error: 
[2025-08-27 16:02:02] Transient NEW creado para usuario y OLD actualizado para bots (IP: ::1)
[2025-08-27 16:02:12] IP: ::1 | HTTP: 200 | URL: https://www.tokkobroker.com/api/v1/property/search/?lang=es_ar&format=json&limit=12&offset=0&order_by=created_at&order=desc&data=%7B%22current_localization_id%22%3A0%2C%22current_localization_type%22%3A%22country%22%2C%22price_from%22%3A1%2C%22price_to%22%3A999999999%2C%22operation_types%22%3A%5B1%2C2%5D%2C%22property_types%22%3A%5B1%2C2%2C3%2C4%2C5%2C6%2C7%2C8%2C9%2C10%2C11%2C12%2C13%2C14%2C15%2C16%2C17%2C18%2C19%2C20%2C21%2C22%2C23%2C24%2C25%2C26%2C27%2C28%5D%2C%22currency%22%3A%22ANY%22%2C%22filters%22%3A%5B%5D%2C%22with_tags%22%3A%5B%5D%2C%22without_tags%22%3A%5B%5D%7D&key=fad0d191d200804e836be0b26626ac919fa37e8a | Error: 
[2025-08-27 16:02:12] Transient NEW creado para usuario y OLD actualizado para bots (IP: ::1)
[2025-08-27 16:02:22] IP: ::1 | HTTP: 200 | URL: https://www.tokkobroker.com/api/v1/property/search/?lang=es_ar&format=json&limit=12&offset=0&order_by=created_at&order=desc&data=%7B%22current_localization_id%22%3A%5B24697%5D%2C%22current_localization_type%22%3A%22division%22%2C%22price_from%22%3A1%2C%22price_to%22%3A999999999%2C%22operation_types%22%3A%5B1%2C2%5D%2C%22property_types%22%3A%5B1%2C2%2C3%2C4%2C5%2C6%2C7%2C8%2C9%2C10%2C11%2C12%2C13%2C14%2C15%2C16%2C17%2C18%2C19%2C20%2C21%2C22%2C23%2C24%2C25%2C26%2C27%2C28%5D%2C%22currency%22%3A%22ANY%22%2C%22filters%22%3A%5B%5D%2C%22with_tags%22%3A%5B%5D%2C%22without_tags%22%3A%5B%5D%7D&key=fad0d191d200804e836be0b26626ac919fa37e8a | Error: 
[2025-08-27 16:02:23] Transient NEW creado para usuario y OLD actualizado para bots (IP: ::1)
[2025-08-27 16:02:25] IP: ::1 | Single Property | HTTP: 200 | URL: https://www.tokkobroker.com/api/v1/property/?key=fad0d191d200804e836be0b26626ac919fa37e8a&format=json&lang=es_ar&id=7246153 | Error: 
[2025-08-27 16:02:25] Single Property Transient NEW creado para usuario y OLD actualizado para bots (ID: 7246153 | IP: ::1)
[2025-08-27 16:02:26] IP: ::1 | HTTP: 200 | URL: https://www.tokkobroker.com/api/v1/property/search/?lang=es_ar&format=json&limit=4&offset=0&order_by=created_date&order=ASC&data=%7B%22current_localization_id%22%3A0%2C%22current_localization_type%22%3A%22country%22%2C%22price_from%22%3A0%2C%22price_to%22%3A5000%2C%22operation_types%22%3A%5B2%5D%2C%22property_types%22%3A%5B1%2C2%2C3%2C4%2C5%2C6%2C7%2C8%2C9%2C10%2C11%2C12%2C13%2C14%2C15%2C16%2C17%2C18%2C19%2C20%2C21%2C22%2C23%2C24%2C25%2C26%2C27%2C28%5D%2C%22currency%22%3A%22USD%22%2C%22filters%22%3A%5B%5D%2C%22with_tags%22%3A%5B%5D%7D&key=fad0d191d200804e836be0b26626ac919fa37e8a | Error: 
[2025-08-27 16:02:26] Transient NEW creado para usuario y OLD actualizado para bots (IP: ::1)
[2025-08-27 17:21:39] IP: ::1 | ALL DEVELOPMENT | HTTP: 200 | URL: https://www.tokkobroker.com/api/v1/development/?format=json&lang=es_ar&key=fad0d191d200804e836be0b26626ac919fa37e8a | Error: 
[2025-08-27 17:21:39] ALL DEVELOPMENT Transient NEW creado para usuario y OLD actualizado para bots (IP: ::1)
[2025-08-27 17:39:44] IP: ::1 | ALL DEVELOPMENT | HTTP: 200 | URL: https://www.tokkobroker.com/api/v1/development/?format=json&lang=es_ar&key=fad0d191d200804e836be0b26626ac919fa37e8a | Error: 
[2025-08-27 17:39:44] ALL DEVELOPMENT Transient NEW creado para usuario y OLD actualizado para bots (IP: ::1)
[2025-08-27 17:39:44] IP: ::1 | HTTP: 200 | URL: https://www.tokkobroker.com/api/v1/property/search/?lang=es_ar&format=json&limit=4&offset=0&order_by=created_at&order=DESC&data=%7B%22current_localization_id%22%3A0%2C%22current_localization_type%22%3A%22country%22%2C%22price_from%22%3A0%2C%22price_to%22%3A99999999999999%2C%22operation_types%22%3A%5B1%2C2%5D%2C%22property_types%22%3A%5B1%2C2%2C3%2C4%2C5%2C6%2C7%2C8%2C9%2C10%2C11%2C12%2C13%2C14%2C15%2C16%2C17%2C18%2C19%2C20%2C21%2C22%2C23%2C24%2C25%2C26%2C27%2C28%5D%2C%22currency%22%3A%22USD%22%2C%22filters%22%3A%5B%5B%22is_starred_on_web%22%2C%22%3D%22%2C%22true%22%5D%5D%2C%22with_tags%22%3A%5B%5D%7D&key=fad0d191d200804e836be0b26626ac919fa37e8a | Error: 
[2025-08-27 17:39:44] Transient NEW creado para usuario y OLD actualizado para bots (IP: ::1)
