[TOKKO][56524] Intento 1 - HTTP: 429 - Error: 
[TOKKO][56524] Intento 2 - HTTP: 200 - Error: 
[TOKKO][56524] OK intento 2
[TOKKO][43959] Intento 1 - HTTP: 429 - Error: 
[TOKKO][43959] Intento 2 - HTTP: 429 - Error: 
[TOKKO][43959] Intento 3 - HTTP: 200 - Error: 
[TOKKO][43959] OK intento 3
[TOKKO][43959] HTTP: 200 - Error: 
[TOKKO][43959] OK
[TOKKO][52226] HTTP: 200 - Error: 
[TOKKO][52226] OK
[TOKKO][53368] HTTP: 200 - Error: 
[TOKKO][53368] OK
[TOKKO][46209] HTTP: 200 - Error: 
[TOKKO][46209] OK
[TOKKO][54561] HTTP: 200 - Error: 
[TOKKO][54561] OK
[TOKKO][56269] HTTP: 200 - Error: 
[TOKKO][56269] OK
[TOKKO][56524] HTTP: 200 - Error: 
[TOKKO][56524] OK
[TOKKO][57095] HTTP: 200 - Error: 
[TOKKO][57095] OK
[TOKKO][62216] HTTP: 200 - Error: 
[TOKKO][62216] OK
[TOKKO][0] HTTP: 404 - Error: 
[TOKKO][43959] HTTP: 200 - Error: 
[TOKKO][43959] OK
[TOKKO][52226] HTTP: 200 - Error: 
[TOKKO][52226] OK
[TOKKO][53368] HTTP: 200 - Error: 
[TOKKO][53368] OK
[TOKKO][57095] HTTP: 200 - Error: 
[TOKKO][57095] OK
[TOKKO][62216] HTTP: 200 - Error: 
[TOKKO][62216] OK
[TOKKO][43959] HTTP: 200 - Error: 
[TOKKO][43959] OK
[TOKKO][53368] HTTP: 200 - Error: 
[TOKKO][53368] OK
[TOKKO][43959] HTTP: 200 - Error: 
[TOKKO][43959] OK
[TOKKO][0] HTTP: 404 - Error: 
[TOKKO][54561] HTTP: 200 - Error: 
[TOKKO][54561] OK
[TOKKO][43959] HTTP: 200 - Error: 
[TOKKO][43959] OK
[TOKKO][46209] HTTP: 200 - Error: 
[TOKKO][46209] OK
[TOKKO][52226] HTTP: 200 - Error: 
[TOKKO][52226] OK
[TOKKO][53368] HTTP: 200 - Error: 
[TOKKO][53368] OK
[TOKKO][56269] HTTP: 200 - Error: 
[TOKKO][56269] OK
[TOKKO][56524] HTTP: 200 - Error: 
[TOKKO][56524] OK
[TOKKO][57095] HTTP: 200 - Error: 
[TOKKO][57095] OK
[TOKKO][62216] HTTP: 200 - Error: 
[TOKKO][62216] OK
[TOKKO][0] HTTP: 404 - Error: 
[TOKKO][0] HTTP: 404 - Error: 
[TOKKO][53368] HTTP: 200 - Error: 
[TOKKO][53368] OK
[TOKKO][52226] HTTP: 200 - Error: 
[TOKKO][52226] OK
[TOKKO][0] HTTP: 404 - Error: 
[TOKKO][0] HTTP: 404 - Error: 
[TOKKO][0] HTTP: 404 - Error: 
[TOKKO][43959] HTTP: 200 - Error: 
[TOKKO][43959] OK
[TOKKO][52226] HTTP: 200 - Error: 
[TOKKO][52226] OK
[TOKKO][53368] HTTP: 200 - Error: 
[TOKKO][53368] OK
[TOKKO][0] HTTP: 404 - Error: 
[TOKKO][0] HTTP: 404 - Error: 
[TOKKO][43959] HTTP: 200 - Error: 
[TOKKO][43959] OK
[TOKKO][43959] HTTP: 200 - Error: 
[TOKKO][43959] OK
[TOKKO][52226] HTTP: 200 - Error: 
[TOKKO][52226] OK
[TOKKO][53368] HTTP: 200 - Error: 
[TOKKO][53368] OK
[TOKKO][43959] HTTP: 200 - Error: 
[TOKKO][43959] OK
[TOKKO][52226] HTTP: 200 - Error: 
[TOKKO][52226] OK
[TOKKO][46209] HTTP: 200 - Error: 
[TOKKO][46209] OK
[TOKKO][53368] HTTP: 200 - Error: 
[TOKKO][53368] OK
[TOKKO][54561] HTTP: 200 - Error: 
[TOKKO][54561] OK
[TOKKO][56524] HTTP: 200 - Error: 
[TOKKO][56524] OK
[TOKKO][57095] HTTP: 200 - Error: 
[TOKKO][57095] OK
[TOKKO][43959] HTTP: 200 - Error: 
[TOKKO][43959] OK
[TOKKO][52226] HTTP: 200 - Error: 
[TOKKO][52226] OK
[TOKKO][53368] HTTP: 200 - Error: 
[TOKKO][53368] OK
[TOKKO][52226] HTTP: 200 - Error: 
[TOKKO][52226] OK
[TOKKO][0] HTTP: 404 - Error: 
[TOKKO][43959] HTTP: 200 - Error: 
[TOKKO][43959] OK
[TOKKO][53368] HTTP: 200 - Error: 
[TOKKO][53368] OK
[TOKKO][43959] HTTP: 200 - Error: 
[TOKKO][43959] OK
[TOKKO][52226] HTTP: 200 - Error: 
[TOKKO][52226] OK
[TOKKO][53368] HTTP: 200 - Error: 
[TOKKO][53368] OK
[TOKKO][43959] HTTP: 200 - Error: 
[TOKKO][43959] OK
[TOKKO][52226] HTTP: 200 - Error: 
[TOKKO][52226] OK
[TOKKO][43959] HTTP: 200 - Error: 
[TOKKO][43959] OK
[TOKKO][54561] HTTP: 200 - Error: 
[TOKKO][54561] OK
[TOKKO][62216] HTTP: 200 - Error: 
[TOKKO][62216] OK
[TOKKO][43959] HTTP: 200 - Error: 
[TOKKO][43959] OK
[TOKKO][52226] HTTP: 200 - Error: 
[TOKKO][52226] OK
[TOKKO][53368] HTTP: 200 - Error: 
[TOKKO][53368] OK
[TOKKO][43959] HTTP: 200 - Error: 
[TOKKO][43959] OK
[TOKKO][52226] HTTP: 200 - Error: 
[TOKKO][52226] OK
[TOKKO][52226] HTTP: 200 - Error: 
[TOKKO][52226] OK
[TOKKO][43959] HTTP: 200 - Error: 
[TOKKO][43959] OK
[TOKKO][53368] HTTP: 200 - Error: 
[TOKKO][53368] OK
[TOKKO][52226] HTTP: 200 - Error: 
[TOKKO][52226] OK
[TOKKO][43959] HTTP: 200 - Error: 
[TOKKO][43959] OK
[TOKKO][0] HTTP: 404 - Error: 
[TOKKO][0] HTTP: 404 - Error: 
[TOKKO][0] HTTP: 404 - Error: 
[TOKKO][43959] HTTP: 200 - Error: 
[TOKKO][43959] OK
[TOKKO][52226] HTTP: 200 - Error: 
[TOKKO][52226] OK
[TOKKO][53368] HTTP: 200 - Error: 
[TOKKO][53368] OK
[TOKKO][46209] HTTP: 200 - Error: 
[TOKKO][46209] OK
[TOKKO][56269] HTTP: 200 - Error: 
[TOKKO][56269] OK
[TOKKO][56524] HTTP: 200 - Error: 
[TOKKO][56524] OK
[TOKKO][54561] HTTP: 200 - Error: 
[TOKKO][54561] OK
[TOKKO][57095] HTTP: 200 - Error: 
[TOKKO][57095] OK
[TOKKO][62216] HTTP: 200 - Error: 
[TOKKO][62216] OK
[TOKKO][43959] HTTP: 200 - Error: 
[TOKKO][43959] OK
[TOKKO][52226] HTTP: 200 - Error: 
[TOKKO][52226] OK
[TOKKO][43959] HTTP: 200 - Error: 
[TOKKO][43959] OK
[TOKKO][52226] HTTP: 200 - Error: 
[TOKKO][52226] OK
[TOKKO][53368] HTTP: 200 - Error: 
[TOKKO][53368] OK
[TOKKO][43959] HTTP: 200 - Error: 
[TOKKO][43959] OK
[TOKKO][52226] HTTP: 200 - Error: 
[TOKKO][52226] OK
[TOKKO][53368] HTTP: 200 - Error: 
[TOKKO][53368] OK
[TOKKO][43959] HTTP: 200 - Error: 
[TOKKO][43959] OK
[TOKKO][52226] HTTP: 200 - Error: 
[TOKKO][52226] OK
[TOKKO][53368] HTTP: 200 - Error: 
[TOKKO][53368] OK
[TOKKO][46209] HTTP: 200 - Error: 
[TOKKO][46209] OK
[TOKKO][54561] HTTP: 200 - Error: 
[TOKKO][54561] OK
[TOKKO][56524] HTTP: 200 - Error: 
[TOKKO][56524] OK
[TOKKO][0] HTTP: 404 - Error: 
[TOKKO][43959] HTTP: 200 - Error: 
[TOKKO][43959] OK
[TOKKO][53368] HTTP: 200 - Error: 
[TOKKO][53368] OK
[TOKKO][52226] HTTP: 200 - Error: 
[TOKKO][52226] OK
[TOKKO][54561] HTTP: 200 - Error: 
[TOKKO][54561] OK
[TOKKO][56269] HTTP: 200 - Error: 
[TOKKO][56269] OK
[TOKKO][57095] HTTP: 200 - Error: 
[TOKKO][57095] OK
[TOKKO][62216] HTTP: 200 - Error: 
[TOKKO][62216] OK
[TOKKO][46209] HTTP: 200 - Error: 
[TOKKO][46209] OK
[TOKKO][56524] HTTP: 200 - Error: 
[TOKKO][56524] OK
[TOKKO][43959] HTTP: 200 - Error: 
[TOKKO][43959] OK
[TOKKO][43959] HTTP: 200 - Error: 
[TOKKO][43959] OK
[TOKKO][53368] HTTP: 200 - Error: 
[TOKKO][53368] OK
[TOKKO][46209] HTTP: 200 - Error: 
[TOKKO][46209] OK
[TOKKO][43959] HTTP: 200 - Error: 
[TOKKO][43959] OK
[TOKKO][52226] HTTP: 200 - Error: 
[TOKKO][52226] OK
[TOKKO][53368] HTTP: 200 - Error: 
[TOKKO][53368] OK
[TOKKO][43959] HTTP: 200 - Error: 
[TOKKO][43959] OK
[TOKKO][52226] HTTP: 200 - Error: 
[TOKKO][52226] OK
[TOKKO][53368] HTTP: 200 - Error: 
[TOKKO][53368] OK
[TOKKO][43959] HTTP: 200 - Error: 
[TOKKO][43959] OK
[TOKKO][52226] HTTP: 200 - Error: 
[TOKKO][52226] OK
[TOKKO][52226] HTTP: 200 - Error: 
[TOKKO][52226] OK
[TOKKO][53368] HTTP: 200 - Error: 
[TOKKO][53368] OK
[TOKKO][43959] HTTP: 200 - Error: 
[TOKKO][43959] OK
[TOKKO][43959] HTTP: 200 - Error: 
[TOKKO][43959] OK
[TOKKO][52226] HTTP: 200 - Error: 
[TOKKO][52226] OK
[TOKKO][53368] HTTP: 200 - Error: 
[TOKKO][53368] OK
[TOKKO][43959] HTTP: 200 - Error: 
[TOKKO][43959] OK
[TOKKO][52226] HTTP: 200 - Error: 
[TOKKO][52226] OK
[TOKKO][53368] HTTP: 200 - Error: 
[TOKKO][53368] OK
[TOKKO][43959] HTTP: 429 - Error: 
[TOKKO][43959] HTTP: 200 - Error: 
[TOKKO][43959] OK
[TOKKO][52226] HTTP: 200 - Error: 
[TOKKO][52226] OK
[TOKKO][52226] HTTP: 200 - Error: 
[TOKKO][52226] OK
[TOKKO][53368] HTTP: 200 - Error: 
[TOKKO][53368] OK
[TOKKO][43959] HTTP: 200 - Error: 
[TOKKO][43959] OK
[TOKKO][43959] HTTP: 200 - Error: 
[TOKKO][43959] OK
[TOKKO][52226] HTTP: 200 - Error: 
[TOKKO][52226] OK
[TOKKO][53368] HTTP: 200 - Error: 
[TOKKO][53368] OK
[TOKKO][52226] HTTP: 200 - Error: 
[TOKKO][52226] OK
[TOKKO][53368] HTTP: 200 - Error: 
[TOKKO][53368] OK
[TOKKO][43959] HTTP: 200 - Error: 
[TOKKO][43959] OK
[TOKKO][43959] HTTP: 200 - Error: 
[TOKKO][43959] OK
[TOKKO][52226] HTTP: 200 - Error: 
[TOKKO][52226] OK
[TOKKO][43959] HTTP: 429 - Error: 
[TOKKO][52226] HTTP: 200 - Error: 
[TOKKO][52226] OK
[TOKKO][53368] HTTP: 200 - Error: 
[TOKKO][53368] OK
[TOKKO][0] HTTP: 404 - Error: 
[TOKKO][43959] HTTP: 200 - Error: 
[TOKKO][43959] OK
[TOKKO][52226] HTTP: 200 - Error: 
[TOKKO][52226] OK
[TOKKO][53368] HTTP: 200 - Error: 
[TOKKO][53368] OK
[TOKKO][43959] HTTP: 200 - Error: 
[TOKKO][43959] OK
[TOKKO][53368] HTTP: 200 - Error: 
[TOKKO][53368] OK
[TOKKO][43959] HTTP: 200 - Error: 
[TOKKO][43959] OK
[TOKKO][53368] HTTP: 200 - Error: 
[TOKKO][53368] OK
[TOKKO][52226] HTTP: 200 - Error: 
[TOKKO][52226] OK
[TOKKO][43959] HTTP: 200 - Error: 
[TOKKO][43959] OK
[TOKKO][57095] HTTP: 200 - Error: 
[TOKKO][57095] OK
[TOKKO][56524] HTTP: 200 - Error: 
[TOKKO][56524] OK
[TOKKO][62216] HTTP: 200 - Error: 
[TOKKO][62216] OK
[TOKKO][54561] HTTP: 200 - Error: 
[TOKKO][54561] OK
[TOKKO][46209] HTTP: 200 - Error: 
[TOKKO][46209] OK
[TOKKO][56269] HTTP: 200 - Error: 
[TOKKO][56269] OK
[TOKKO][0] HTTP: 404 - Error: 
[TOKKO][46209] HTTP: 200 - Error: 
[TOKKO][46209] OK
[TOKKO][0] HTTP: 404 - Error: 
[TOKKO][52226] HTTP: 200 - Error: 
[TOKKO][52226] OK
[TOKKO][0] HTTP: 404 - Error: 
[TOKKO][0] HTTP: 404 - Error: 
[TOKKO][0] HTTP: 404 - Error: 
[TOKKO][0] HTTP: 404 - Error: 
[TOKKO][0] HTTP: 404 - Error: 
[TOKKO][0] HTTP: 404 - Error: 
[TOKKO][43959] HTTP: 200 - Error: 
[TOKKO][43959] OK
[TOKKO][52226] HTTP: 200 - Error: 
[TOKKO][52226] OK
[TOKKO][53368] HTTP: 200 - Error: 
[TOKKO][53368] OK
[TOKKO][43959] HTTP: 200 - Error: 
[TOKKO][43959] OK
[TOKKO][53368] HTTP: 200 - Error: 
[TOKKO][53368] OK
[TOKKO][52226] HTTP: 429 - Error: 
[TOKKO][0] HTTP: 404 - Error: 
[TOKKO][0] HTTP: 404 - Error: 
[TOKKO][0] HTTP: 404 - Error: 
[TOKKO][43959] HTTP: 200 - Error: 
[TOKKO][43959] OK
[TOKKO][52226] HTTP: 200 - Error: 
[TOKKO][52226] OK
[TOKKO][53368] HTTP: 200 - Error: 
[TOKKO][53368] OK
[TOKKO][62216] HTTP: 200 - Error: 
[TOKKO][62216] OK
[TOKKO][46209] HTTP: 200 - Error: 
[TOKKO][46209] OK
[TOKKO][56269] HTTP: 200 - Error: 
[TOKKO][56269] OK
[TOKKO][57095] HTTP: 200 - Error: 
[TOKKO][57095] OK
[TOKKO][0] HTTP: 404 - Error: 
[TOKKO][52226] HTTP: 200 - Error: 
[TOKKO][52226] OK
[TOKKO][43959] HTTP: 200 - Error: 
[TOKKO][43959] OK
[TOKKO][53368] HTTP: 200 - Error: 
[TOKKO][53368] OK
[TOKKO][43959] HTTP: 200 - Error: 
[TOKKO][43959] OK
[TOKKO][52226] HTTP: 200 - Error: 
[TOKKO][52226] OK
[TOKKO][0] HTTP: 404 - Error: 
[TOKKO][0] HTTP: 404 - Error: 
[TOKKO][0] HTTP: 404 - Error: 
[TOKKO][0] HTTP: 404 - Error: 
[TOKKO][0] HTTP: 404 - Error: 
[TOKKO][0] HTTP: 404 - Error: 
[TOKKO][0] HTTP: 404 - Error: 
[TOKKO][43959] HTTP: 200 - Error: 
[TOKKO][43959] OK
[TOKKO][52226] HTTP: 200 - Error: 
[TOKKO][52226] OK
[TOKKO][53368] HTTP: 200 - Error: 
[TOKKO][53368] OK
[TOKKO][0] HTTP: 404 - Error: 
[TOKKO][43959] HTTP: 200 - Error: 
[TOKKO][43959] OK
[TOKKO][52226] HTTP: 200 - Error: 
[TOKKO][52226] OK
[TOKKO][0] HTTP: 404 - Error: 
[TOKKO][0] HTTP: 404 - Error: 
[TOKKO][0] HTTP: 404 - Error: 
[TOKKO][56524] HTTP: 200 - Error: 
[TOKKO][56524] OK
[TOKKO][43959] HTTP: 200 - Error: 
[TOKKO][43959] OK
[TOKKO][52226] HTTP: 200 - Error: 
[TOKKO][52226] OK
[TOKKO][53368] HTTP: 200 - Error: 
[TOKKO][53368] OK
[TOKKO][0] HTTP: 404 - Error: 
[TOKKO][43959] HTTP: 200 - Error: 
[TOKKO][43959] OK
[TOKKO][0] HTTP: 404 - Error: 
[TOKKO][43959] HTTP: 200 - Error: 
[TOKKO][43959] OK
[TOKKO][43959] HTTP: 200 - Error: 
[TOKKO][43959] OK
[TOKKO][43959] HTTP: 200 - Error: 
[TOKKO][43959] OK
[TOKKO][0] HTTP: 404 - Error: 
[TOKKO][56524] HTTP: 200 - Error: 
[TOKKO][56524] OK
[TOKKO][52226] HTTP: 200 - Error: 
[TOKKO][52226] OK
[TOKKO][0] HTTP: 404 - Error: 
[TOKKO][43959] HTTP: 200 - Error: 
[TOKKO][43959] OK
[TOKKO][43959] HTTP: 200 - Error: 
[TOKKO][43959] OK
[TOKKO][52226] HTTP: 200 - Error: 
[TOKKO][52226] OK
[TOKKO][53368] HTTP: 200 - Error: 
[TOKKO][53368] OK
[TOKKO][56524] HTTP: 200 - Error: 
[TOKKO][56524] OK
[TOKKO][62216] HTTP: 0 - Error: Operation timed out after 10010 milliseconds with 0 bytes received
[TOKKO][62216] HTTP: 200 - Error: 
[TOKKO][62216] OK
[TOKKO][54561] HTTP: 200 - Error: 
[TOKKO][54561] OK
[TOKKO][52226] HTTP: 200 - Error: 
[TOKKO][52226] OK
[TOKKO][53368] HTTP: 200 - Error: 
[TOKKO][53368] OK
[TOKKO][43959] HTTP: 200 - Error: 
[TOKKO][43959] OK
[TOKKO][62216] HTTP: 200 - Error: 
[TOKKO][62216] OK
[TOKKO][46209] HTTP: 200 - Error: 
[TOKKO][46209] OK
[TOKKO][43959] HTTP: 200 - Error: 
[TOKKO][43959] OK
[TOKKO][46209] HTTP: 200 - Error: 
[TOKKO][46209] OK
[TOKKO][43959] HTTP: 200 - Error: 
[TOKKO][43959] OK
[TOKKO][46209] HTTP: 200 - Error: 
[TOKKO][46209] OK
[TOKKO][52226] HTTP: 200 - Error: 
[TOKKO][52226] OK
[TOKKO][53368] HTTP: 200 - Error: 
[TOKKO][53368] OK
[TOKKO][54561] HTTP: 200 - Error: 
[TOKKO][54561] OK
[TOKKO][56269] HTTP: 200 - Error: 
[TOKKO][56269] OK
[TOKKO][56524] HTTP: 200 - Error: 
[TOKKO][56524] OK
[TOKKO][57095] HTTP: 200 - Error: 
[TOKKO][57095] OK
[TOKKO][62216] HTTP: 200 - Error: 
[TOKKO][62216] OK
[TOKKO][43959] HTTP: 200 - Error: 
[TOKKO][43959] OK
[TOKKO][43959] HTTP: 200 - Error: 
[TOKKO][43959] OK
[TOKKO][46209] HTTP: 200 - Error: 
[TOKKO][46209] OK
[TOKKO][52226] HTTP: 200 - Error: 
[TOKKO][52226] OK
